<?xml version="1.0" encoding="UTF-8"?>
<testsuite xmlns:xsi="http://www.w3.org/2001/XMLSchema-instance" xsi:noNamespaceSchemaLocation="https://maven.apache.org/surefire/maven-surefire-plugin/xsd/surefire-test-report-3.0.xsd" version="3.0" name="com.borland.silk4j.maven.demo.KeywordTest" time="1.654" tests="1" errors="1" skipped="0" failures="0">
  <properties>
[...]
</properties>
  <testcase name="ByAndCheckout" classname="com.borland.silktest.jtf.keyworddriven.KeywordRunner" time="0.043">
    <error message="Keyword-driven test &apos;ByAndCheckout&apos; not found" type="com.borland.silk.keyworddriven.engine.exceptions.KeywordDrivenTestNotFoundException"><![CDATA[com.borland.silk.keyworddriven.engine.exceptions.KeywordDrivenTestNotFoundException: Keyword-driven test 'ByAndCheckout' not found
	at com.borland.silk.keyworddriven.engine.Engine.run(Engine.java:280)
	at com.borland.silk.keyworddriven.engine.Engine.run(Engine.java:227)
	at com.borland.silktest.jtf.keyworddriven.KeywordRunner.run(KeywordRunner.java:58)
	at org.junit.runners.Suite.runChild(Suite.java:128)
	at org.junit.runners.Suite.runChild(Suite.java:27)
	at org.junit.runners.ParentRunner$4.run(ParentRunner.java:331)
	at org.junit.runners.ParentRunner$1.schedule(ParentRunner.java:79)
	at org.junit.runners.ParentRunner.runChildren(ParentRunner.java:329)
	at org.junit.runners.ParentRunner.access$100(ParentRunner.java:66)
	at org.junit.runners.ParentRunner$2.evaluate(ParentRunner.java:293)
	at org.junit.runners.ParentRunner$3.evaluate(ParentRunner.java:306)
	at org.junit.runners.ParentRunner.run(ParentRunner.java:413)
	at com.borland.silktest.jtf.SilkTestSuite.access$001(SilkTestSuite.java:128)
	at com.borland.silktest.jtf.SilkTestSuite.lambda$run$0(SilkTestSuite.java:152)
	at com.borland.silktest.jtf.internal.TrueLogSuiteRunner.run(TrueLogSuiteRunner.java:37)
	at com.borland.silktest.jtf.SilkTestSuite.run(SilkTestSuite.java:153)
	at org.apache.maven.surefire.junit4.JUnit4Provider.execute(JUnit4Provider.java:316)
	at org.apache.maven.surefire.junit4.JUnit4Provider.executeWithRerun(JUnit4Provider.java:240)
	at org.apache.maven.surefire.junit4.JUnit4Provider.executeTestSet(JUnit4Provider.java:214)
	at org.apache.maven.surefire.junit4.JUnit4Provider.invoke(JUnit4Provider.java:155)
	at org.apache.maven.surefire.booter.ForkedBooter.runSuitesInProcess(ForkedBooter.java:385)
	at org.apache.maven.surefire.booter.ForkedBooter.execute(ForkedBooter.java:162)
	at org.apache.maven.surefire.booter.ForkedBooter.run(ForkedBooter.java:507)
	at org.apache.maven.surefire.booter.ForkedBooter.main(ForkedBooter.java:495)
]]></error>
    <system-err><![CDATA[com.borland.silk.keyworddriven.engine.exceptions.KeywordDrivenTestNotFoundException: Keyword-driven test 'ByAndCheckout' not found
	at com.borland.silk.keyworddriven.engine.Engine.run(Engine.java:280)
	at com.borland.silk.keyworddriven.engine.Engine.run(Engine.java:227)
	at com.borland.silktest.jtf.keyworddriven.KeywordRunner.run(KeywordRunner.java:58)
	at org.junit.runners.Suite.runChild(Suite.java:128)
	at org.junit.runners.Suite.runChild(Suite.java:27)
	at org.junit.runners.ParentRunner$4.run(ParentRunner.java:331)
	at org.junit.runners.ParentRunner$1.schedule(ParentRunner.java:79)
	at org.junit.runners.ParentRunner.runChildren(ParentRunner.java:329)
	at org.junit.runners.ParentRunner.access$100(ParentRunner.java:66)
	at org.junit.runners.ParentRunner$2.evaluate(ParentRunner.java:293)
	at org.junit.runners.ParentRunner$3.evaluate(ParentRunner.java:306)
	at org.junit.runners.ParentRunner.run(ParentRunner.java:413)
	at com.borland.silktest.jtf.SilkTestSuite.access$001(SilkTestSuite.java:128)
	at com.borland.silktest.jtf.SilkTestSuite.lambda$run$0(SilkTestSuite.java:152)
	at com.borland.silktest.jtf.internal.TrueLogSuiteRunner.run(TrueLogSuiteRunner.java:37)
	at com.borland.silktest.jtf.SilkTestSuite.run(SilkTestSuite.java:153)
	at org.apache.maven.surefire.junit4.JUnit4Provider.execute(JUnit4Provider.java:316)
	at org.apache.maven.surefire.junit4.JUnit4Provider.executeWithRerun(JUnit4Provider.java:240)
	at org.apache.maven.surefire.junit4.JUnit4Provider.executeTestSet(JUnit4Provider.java:214)
	at org.apache.maven.surefire.junit4.JUnit4Provider.invoke(JUnit4Provider.java:155)
	at org.apache.maven.surefire.booter.ForkedBooter.runSuitesInProcess(ForkedBooter.java:385)
	at org.apache.maven.surefire.booter.ForkedBooter.execute(ForkedBooter.java:162)
	at org.apache.maven.surefire.booter.ForkedBooter.run(ForkedBooter.java:507)
	at org.apache.maven.surefire.booter.ForkedBooter.main(ForkedBooter.java:495)
]]></system-err>
  </testcase>
</testsuite>