<?xml version="1.0" encoding="UTF-8"?>
<testsuite xmlns:xsi="http://www.w3.org/2001/XMLSchema-instance" xsi:noNamespaceSchemaLocation="https://maven.apache.org/surefire/maven-surefire-plugin/xsd/surefire-test-report-3.0.xsd" version="3.0" name="com.borland.silk4j.maven.demo.TestGMOShop" time="28.225" tests="3" errors="0" skipped="0" failures="0">
  <properties>
[...]
</properties>
  <testcase name="testClearCart" classname="com.borland.silk4j.maven.demo.TestGMOShop" time="6.588"/>
  <testcase name="testBuyWithCheckout" classname="com.borland.silk4j.maven.demo.TestGMOShop" time="17.395"/>
  <testcase name="testAboutPageBackViaMenu" classname="com.borland.silk4j.maven.demo.TestGMOShop" time="4.153"/>
</testsuite>